⚠ Blocked cross-origin request to Next.js dev resource /_next/webpack-hmr from "127.0.0.1".
Cross-origin access to Next.js dev resources is blocked by default for safety.

To allow this host in development, add it to "allowedDevOrigins" in next.config.js and restart the dev server:

// next.config.js
module.exports = {
  allowedDevOrigins: ['127.0.0.1'],
}

Read more: https://nextjs.org/docs/app/api-reference/config/next-config-js/allowedDevOrigins
⨯ ./app/quiz/[category]/page.tsx:4:1
Module not found: Can't resolve '@/components/QuizRunner'
  [90m2 |[0m [36mimport[0m { notFound } [36mfrom[0m [32m"next/navigation"[0m;
  [90m3 |[0m
[31m[1m>[0m [90m4 |[0m [36mimport[0m { [33mQuizRunner[0m } [36mfrom[0m [32m"@/components/QuizRunner"[0m;
  [90m  |[0m [31m[1m^^^^^^^^^^^^^^^^^^^^^^^^^^^^^^^^^^^^^^^^^^^^^^^^^^^^^[0m
  [90m5 |[0m [36mimport[0m {
  [90m6 |[0m   getAllCategories,
  [90m7 |[0m   getCategoryBySlug,

Import map: aliased to relative './components/QuizRunner' inside of [project]/


https://nextjs.org/docs/messages/module-not-found


⨯ ./app/quiz/[category]/page.tsx:4:1
Module not found: Can't resolve '@/components/QuizRunner'
  [90m2 |[0m [36mimport[0m { notFound } [36mfrom[0m [32m"next/navigation"[0m;
  [90m3 |[0m
[31m[1m>[0m [90m4 |[0m [36mimport[0m { [33mQuizRunner[0m } [36mfrom[0m [32m"@/components/QuizRunner"[0m;
  [90m  |[0m [31m[1m^^^^^^^^^^^^^^^^^^^^^^^^^^^^^^^^^^^^^^^^^^^^^^^^^^^^^[0m
  [90m5 |[0m [36mimport[0m {
  [90m6 |[0m   getAllCategories,
  [90m7 |[0m   getCategoryBySlug,

Import map: aliased to relative './components/QuizRunner' inside of [project]/


https://nextjs.org/docs/messages/module-not-found


